This is pdfTeX, Version 3.1415926-2.5-1.40.14 (MiKTeX 2.9) (preloaded format=pdflatex 2013.7.31)  4 MAY 2014 17:55
entering extended mode
**bmvc_review.tex
(C:\Users\Hemal\Dropbox\Papers\BMVC_Prep\Paper\bmvc_review.tex
LaTeX2e <2011/06/27>
Babel <v3.8m> and hyphenation patterns for english, afrikaans, ancientgreek, ar
abic, armenian, assamese, basque, bengali, bokmal, bulgarian, catalan, coptic, 
croatian, czech, danish, dutch, esperanto, estonian, farsi, finnish, french, ga
lician, german, german-x-2013-05-26, greek, gujarati, hindi, hungarian, iceland
ic, indonesian, interlingua, irish, italian, kannada, kurmanji, latin, latvian,
 lithuanian, malayalam, marathi, mongolian, mongolianlmc, monogreek, ngerman, n
german-x-2013-05-26, nynorsk, oriya, panjabi, pinyin, polish, portuguese, roman
ian, russian, sanskrit, serbian, slovak, slovenian, spanish, swedish, swissgerm
an, tamil, telugu, turkish, turkmen, ukenglish, ukrainian, uppersorbian, usengl
ishmax, welsh, loaded.
(C:\Users\Hemal\Dropbox\Papers\BMVC_Prep\Paper\bmvc2k.cls
Document Class: bmvc2k 2012/04/17 BMVC Proceedings. v0.10
("L:\Softwares\Installed_Softwares\MiKTeX 2.9\tex\latex\base\article.cls"
Document Class: article 2007/10/19 v1.4h Standard LaTeX document class
("L:\Softwares\Installed_Softwares\MiKTeX 2.9\tex\latex\base\size10.clo"
File: size10.clo 2007/10/19 v1.4h Standard LaTeX file (size option)
)
\c@part=\count79
\c@section=\count80
\c@subsection=\count81
\c@subsubsection=\count82
\c@paragraph=\count83
\c@subparagraph=\count84
\c@figure=\count85
\c@table=\count86
\abovecaptionskip=\skip41
\belowcaptionskip=\skip42
\bibindent=\dimen102
)
("L:\Softwares\Installed_Softwares\MiKTeX 2.9\tex\latex\graphics\color.sty"
Package: color 2005/11/14 v1.0j Standard LaTeX Color (DPC)

("L:\Softwares\Installed_Softwares\MiKTeX 2.9\tex\latex\00miktex\color.cfg"
File: color.cfg 2007/01/18 v1.5 color configuration of teTeX/TeXLive
)
Package color Info: Driver file: pdftex.def on input line 130.

("L:\Softwares\Installed_Softwares\MiKTeX 2.9\tex\latex\pdftex-def\pdftex.def"
File: pdftex.def 2011/05/27 v0.06d Graphics/color for pdfTeX

("L:\Softwares\Installed_Softwares\MiKTeX 2.9\tex\generic\oberdiek\infwarerr.st
y"
Package: infwarerr 2010/04/08 v1.3 Providing info/warning/error messages (HO)
)
("L:\Softwares\Installed_Softwares\MiKTeX 2.9\tex\generic\oberdiek\ltxcmds.sty"
Package: ltxcmds 2011/11/09 v1.22 LaTeX kernel commands for general use (HO)
)
\Gread@gobject=\count87
))
("L:\Softwares\Installed_Softwares\MiKTeX 2.9\tex\latex\graphics\graphicx.sty"
Package: graphicx 1999/02/16 v1.0f Enhanced LaTeX Graphics (DPC,SPQR)

("L:\Softwares\Installed_Softwares\MiKTeX 2.9\tex\latex\graphics\keyval.sty"
Package: keyval 1999/03/16 v1.13 key=value parser (DPC)
\KV@toks@=\toks14
)
("L:\Softwares\Installed_Softwares\MiKTeX 2.9\tex\latex\graphics\graphics.sty"
Package: graphics 2009/02/05 v1.0o Standard LaTeX Graphics (DPC,SPQR)

("L:\Softwares\Installed_Softwares\MiKTeX 2.9\tex\latex\graphics\trig.sty"
Package: trig 1999/03/16 v1.09 sin cos tan (DPC)
)
("L:\Softwares\Installed_Softwares\MiKTeX 2.9\tex\latex\00miktex\graphics.cfg"
File: graphics.cfg 2007/01/18 v1.5 graphics configuration of teTeX/TeXLive
)
Package graphics Info: Driver file: pdftex.def on input line 91.
)
\Gin@req@height=\dimen103
\Gin@req@width=\dimen104
)
("L:\Softwares\Installed_Softwares\MiKTeX 2.9\tex\latex\subfigure\subfigure.sty
"
Package: subfigure 2002/07/30 v2.1.4 subfigure package
\subfigtopskip=\skip43
\subfigcapskip=\skip44
\subfigcaptopadj=\dimen105
\subfigbottomskip=\skip45
\subfigcapmargin=\dimen106
\subfiglabelskip=\skip46
\c@subfigure=\count88
\c@lofdepth=\count89
\c@subtable=\count90
\c@lotdepth=\count91

****************************************
* Local config file subfigure.cfg used *
****************************************
("L:\Softwares\Installed_Softwares\MiKTeX 2.9\tex\latex\subfigure\subfigure.cfg
")
\subfig@top=\skip47
\subfig@bottom=\skip48
) ("L:\Softwares\Installed_Softwares\MiKTeX 2.9\tex\latex\tools\xspace.sty"
Package: xspace 2009/10/20 v1.13 Space after command names (DPC,MH)
)
("L:\Softwares\Installed_Softwares\MiKTeX 2.9\tex\latex\eso-pic\eso-pic.sty"
Package: eso-pic 2010/10/06 v2.0c eso-pic (RN)

("L:\Softwares\Installed_Softwares\MiKTeX 2.9\tex\generic\oberdiek\atbegshi.sty
"
Package: atbegshi 2011/10/05 v1.16 At begin shipout hook (HO)
 ("L:\Softwares\Installed_Softwares\MiKTeX 2.9\tex\generic\oberdiek\ifpdf.sty"
Package: ifpdf 2011/01/30 v2.3 Provides the ifpdf switch (HO)
Package ifpdf Info: pdfTeX in PDF mode is detected.
)))
("L:\Softwares\Installed_Softwares\MiKTeX 2.9\tex\latex\hyperref\hyperref.sty"
Package: hyperref 2012/11/06 v6.83m Hypertext links for LaTeX

("L:\Softwares\Installed_Softwares\MiKTeX 2.9\tex\generic\oberdiek\hobsub-hyper
ref.sty"
Package: hobsub-hyperref 2012/04/25 v1.12 Bundle oberdiek, subset hyperref (HO)


("L:\Softwares\Installed_Softwares\MiKTeX 2.9\tex\generic\oberdiek\hobsub-gener
ic.sty"
Package: hobsub-generic 2012/04/25 v1.12 Bundle oberdiek, subset generic (HO)
Package: hobsub 2012/04/25 v1.12 Construct package bundles (HO)
Package hobsub Info: Skipping package `infwarerr' (already loaded).
Package hobsub Info: Skipping package `ltxcmds' (already loaded).
Package: ifluatex 2010/03/01 v1.3 Provides the ifluatex switch (HO)
Package ifluatex Info: LuaTeX not detected.
Package: ifvtex 2010/03/01 v1.5 Detect VTeX and its facilities (HO)
Package ifvtex Info: VTeX not detected.
Package: intcalc 2007/09/27 v1.1 Expandable calculations with integers (HO)
Package hobsub Info: Skipping package `ifpdf' (already loaded).
Package: etexcmds 2011/02/16 v1.5 Avoid name clashes with e-TeX commands (HO)
Package etexcmds Info: Could not find \expanded.
(etexcmds)             That can mean that you are not using pdfTeX 1.50 or
(etexcmds)             that some package has redefined \expanded.
(etexcmds)             In the latter case, load this package earlier.
Package: kvsetkeys 2012/04/25 v1.16 Key value parser (HO)
Package: kvdefinekeys 2011/04/07 v1.3 Define keys (HO)
Package: pdftexcmds 2011/11/29 v0.20 Utility functions of pdfTeX for LuaTeX (HO
)
Package pdftexcmds Info: LuaTeX not detected.
Package pdftexcmds Info: \pdf@primitive is available.
Package pdftexcmds Info: \pdf@ifprimitive is available.
Package pdftexcmds Info: \pdfdraftmode found.
Package: pdfescape 2011/11/25 v1.13 Implements pdfTeX's escape features (HO)
Package: bigintcalc 2012/04/08 v1.3 Expandable calculations on big integers (HO
)
Package: bitset 2011/01/30 v1.1 Handle bit-vector datatype (HO)
Package: uniquecounter 2011/01/30 v1.2 Provide unlimited unique counter (HO)
)
Package hobsub Info: Skipping package `hobsub' (already loaded).
Package: letltxmacro 2010/09/02 v1.4 Let assignment for LaTeX macros (HO)
Package: hopatch 2011/06/24 v1.1 Wrapper for package hooks (HO)
Package: xcolor-patch 2011/01/30 xcolor patch
Package: atveryend 2011/06/30 v1.8 Hooks at the very end of document (HO)
Package atveryend Info: \enddocument detected (standard20110627).
Package hobsub Info: Skipping package `atbegshi' (already loaded).
Package: refcount 2011/10/16 v3.4 Data extraction from label references (HO)
Package: hycolor 2011/01/30 v1.7 Color options for hyperref/bookmark (HO)
)
("L:\Softwares\Installed_Softwares\MiKTeX 2.9\tex\generic\ifxetex\ifxetex.sty"
Package: ifxetex 2010/09/12 v0.6 Provides ifxetex conditional
) ("L:\Softwares\Installed_Softwares\MiKTeX 2.9\tex\latex\oberdiek\auxhook.sty"
Package: auxhook 2011/03/04 v1.3 Hooks for auxiliary files (HO)
) ("L:\Softwares\Installed_Softwares\MiKTeX 2.9\tex\latex\oberdiek\kvoptions.st
y"
Package: kvoptions 2011/06/30 v3.11 Key value format for package options (HO)
)
\@linkdim=\dimen107
\Hy@linkcounter=\count92
\Hy@pagecounter=\count93
 ("L:\Softwares\Installed_Softwares\MiKTeX 2.9\tex\latex\hyperref\pd1enc.def"
File: pd1enc.def 2012/11/06 v6.83m Hyperref: PDFDocEncoding definition (HO)
)
\Hy@SavedSpaceFactor=\count94
 ("L:\Softwares\Installed_Softwares\MiKTeX 2.9\tex\latex\00miktex\hyperref.cfg"
File: hyperref.cfg 2002/06/06 v1.2 hyperref configuration of TeXLive
)
Package hyperref Info: Option `colorlinks' set `true' on input line 4319.
Package hyperref Info: Option `bookmarks' set `false' on input line 4319.
Package hyperref Info: Hyper figures OFF on input line 4443.
Package hyperref Info: Link nesting OFF on input line 4448.
Package hyperref Info: Hyper index ON on input line 4451.
Package hyperref Info: Plain pages OFF on input line 4458.
Package hyperref Info: Backreferencing OFF on input line 4463.
Package hyperref Info: Implicit mode ON; LaTeX internals redefined.
Package hyperref Info: Bookmarks OFF on input line 4694.
\c@Hy@tempcnt=\count95
 ("L:\Softwares\Installed_Softwares\MiKTeX 2.9\tex\latex\url\url.sty"
\Urlmuskip=\muskip10
Package: url 2006/04/12  ver 3.3  Verb mode for urls, etc.
)
LaTeX Info: Redefining \url on input line 5041.
\XeTeXLinkMargin=\dimen108
\Fld@menulength=\count96
\Field@Width=\dimen109
\Fld@charsize=\dimen110
Package hyperref Info: Hyper figures OFF on input line 6295.
Package hyperref Info: Link nesting OFF on input line 6300.
Package hyperref Info: Hyper index ON on input line 6303.
Package hyperref Info: backreferencing OFF on input line 6310.
Package hyperref Info: Link coloring ON on input line 6313.
Package hyperref Info: Link coloring with OCG OFF on input line 6320.
Package hyperref Info: PDF/A mode OFF on input line 6325.
LaTeX Info: Redefining \ref on input line 6365.
LaTeX Info: Redefining \pageref on input line 6369.
\Hy@abspage=\count97
\c@Item=\count98
\c@Hfootnote=\count99
)

Package hyperref Message: Driver (autodetected): hpdftex.

("L:\Softwares\Installed_Softwares\MiKTeX 2.9\tex\latex\hyperref\hpdftex.def"
File: hpdftex.def 2012/11/06 v6.83m Hyperref driver for pdfTeX
\Fld@listcount=\count100
\c@bookmark@seq@number=\count101

("L:\Softwares\Installed_Softwares\MiKTeX 2.9\tex\latex\oberdiek\rerunfilecheck
.sty"
Package: rerunfilecheck 2011/04/15 v1.7 Rerun checks for auxiliary files (HO)
Package uniquecounter Info: New unique counter `rerunfilecheck' on input line 2
82.
)
\Hy@SectionHShift=\skip49
)
("L:\Softwares\Installed_Softwares\MiKTeX 2.9\tex\latex\amsmath\amsmath.sty"
Package: amsmath 2013/01/14 v2.14 AMS math features
\@mathmargin=\skip50

For additional information on amsmath, use the `?' option.
("L:\Softwares\Installed_Softwares\MiKTeX 2.9\tex\latex\amsmath\amstext.sty"
Package: amstext 2000/06/29 v2.01

("L:\Softwares\Installed_Softwares\MiKTeX 2.9\tex\latex\amsmath\amsgen.sty"
File: amsgen.sty 1999/11/30 v2.0
\@emptytoks=\toks15
\ex@=\dimen111
))
("L:\Softwares\Installed_Softwares\MiKTeX 2.9\tex\latex\amsmath\amsbsy.sty"
Package: amsbsy 1999/11/29 v1.2d
\pmbraise@=\dimen112
)
("L:\Softwares\Installed_Softwares\MiKTeX 2.9\tex\latex\amsmath\amsopn.sty"
Package: amsopn 1999/12/14 v2.01 operator names
)
\inf@bad=\count102
LaTeX Info: Redefining \frac on input line 210.
\uproot@=\count103
\leftroot@=\count104
LaTeX Info: Redefining \overline on input line 306.
\classnum@=\count105
\DOTSCASE@=\count106
LaTeX Info: Redefining \ldots on input line 378.
LaTeX Info: Redefining \dots on input line 381.
LaTeX Info: Redefining \cdots on input line 466.
\Mathstrutbox@=\box26
\strutbox@=\box27
\big@size=\dimen113
LaTeX Font Info:    Redeclaring font encoding OML on input line 566.
LaTeX Font Info:    Redeclaring font encoding OMS on input line 567.
\macc@depth=\count107
\c@MaxMatrixCols=\count108
\dotsspace@=\muskip11
\c@parentequation=\count109
\dspbrk@lvl=\count110
\tag@help=\toks16
\row@=\count111
\column@=\count112
\maxfields@=\count113
\andhelp@=\toks17
\eqnshift@=\dimen114
\alignsep@=\dimen115
\tagshift@=\dimen116
\tagwidth@=\dimen117
\totwidth@=\dimen118
\lineht@=\dimen119
\@envbody=\toks18
\multlinegap=\skip51
\multlinetaggap=\skip52
\mathdisplay@stack=\toks19
LaTeX Info: Redefining \[ on input line 2665.
LaTeX Info: Redefining \] on input line 2666.
)
\bmv@CenterBoxtmp=\box28

("L:\Softwares\Installed_Softwares\MiKTeX 2.9\tex\latex\geometry\geometry.sty"
Package: geometry 2010/09/12 v5.6 Page Geometry
\Gm@cnth=\count114
\Gm@cntv=\count115
\c@Gm@tempcnt=\count116
\Gm@bindingoffset=\dimen120
\Gm@wd@mp=\dimen121
\Gm@odd@mp=\dimen122
\Gm@even@mp=\dimen123
\Gm@layoutwidth=\dimen124
\Gm@layoutheight=\dimen125
\Gm@layouthoffset=\dimen126
\Gm@layoutvoffset=\dimen127
\Gm@dimlist=\toks20

("L:\Softwares\Installed_Softwares\MiKTeX 2.9\tex\latex\geometry\geometry.cfg")
) ("L:\Softwares\Installed_Softwares\MiKTeX 2.9\tex\latex\base\fontenc.sty"
Package: fontenc 2005/09/27 v1.99g Standard LaTeX package

("L:\Softwares\Installed_Softwares\MiKTeX 2.9\tex\latex\base\t1enc.def"
File: t1enc.def 2005/09/27 v1.99g Standard LaTeX file
LaTeX Font Info:    Redeclaring font encoding T1 on input line 43.
))
("L:\Softwares\Installed_Softwares\MiKTeX 2.9\tex\latex\psnfss\mathptmx.sty"
Package: mathptmx 2005/04/12 PSNFSS-v9.2a Times w/ Math, improved (SPQR, WaS) 
LaTeX Font Info:    Redeclaring symbol font `operators' on input line 28.
LaTeX Font Info:    Overwriting symbol font `operators' in version `normal'
(Font)                  OT1/cmr/m/n --> OT1/ztmcm/m/n on input line 28.
LaTeX Font Info:    Overwriting symbol font `operators' in version `bold'
(Font)                  OT1/cmr/bx/n --> OT1/ztmcm/m/n on input line 28.
LaTeX Font Info:    Redeclaring symbol font `letters' on input line 29.
LaTeX Font Info:    Overwriting symbol font `letters' in version `normal'
(Font)                  OML/cmm/m/it --> OML/ztmcm/m/it on input line 29.
LaTeX Font Info:    Overwriting symbol font `letters' in version `bold'
(Font)                  OML/cmm/b/it --> OML/ztmcm/m/it on input line 29.
LaTeX Font Info:    Redeclaring symbol font `symbols' on input line 30.
LaTeX Font Info:    Overwriting symbol font `symbols' in version `normal'
(Font)                  OMS/cmsy/m/n --> OMS/ztmcm/m/n on input line 30.
LaTeX Font Info:    Overwriting symbol font `symbols' in version `bold'
(Font)                  OMS/cmsy/b/n --> OMS/ztmcm/m/n on input line 30.
LaTeX Font Info:    Redeclaring symbol font `largesymbols' on input line 31.
LaTeX Font Info:    Overwriting symbol font `largesymbols' in version `normal'
(Font)                  OMX/cmex/m/n --> OMX/ztmcm/m/n on input line 31.
LaTeX Font Info:    Overwriting symbol font `largesymbols' in version `bold'
(Font)                  OMX/cmex/m/n --> OMX/ztmcm/m/n on input line 31.
\symbold=\mathgroup4
\symitalic=\mathgroup5
LaTeX Font Info:    Redeclaring math alphabet \mathbf on input line 34.
LaTeX Font Info:    Overwriting math alphabet `\mathbf' in version `normal'
(Font)                  OT1/cmr/bx/n --> OT1/ptm/bx/n on input line 34.
LaTeX Font Info:    Overwriting math alphabet `\mathbf' in version `bold'
(Font)                  OT1/cmr/bx/n --> OT1/ptm/bx/n on input line 34.
LaTeX Font Info:    Redeclaring math alphabet \mathit on input line 35.
LaTeX Font Info:    Overwriting math alphabet `\mathit' in version `normal'
(Font)                  OT1/cmr/m/it --> OT1/ptm/m/it on input line 35.
LaTeX Font Info:    Overwriting math alphabet `\mathit' in version `bold'
(Font)                  OT1/cmr/bx/it --> OT1/ptm/m/it on input line 35.
LaTeX Info: Redefining \hbar on input line 50.
)
("L:\Softwares\Installed_Softwares\MiKTeX 2.9\tex\latex\psnfss\helvet.sty"
Package: helvet 2005/04/12 PSNFSS-v9.2a (WaS) 
)
("L:\Softwares\Installed_Softwares\MiKTeX 2.9\tex\latex\psnfss\courier.sty"
Package: courier 2005/04/12 PSNFSS-v9.2a (WaS) 
)
LaTeX Font Info:    Redeclaring math alphabet \mathcal on input line 225.
\bmv@toks=\toks21
\bmv@nauthors=\count117
\bmv@ninsts=\count118
\c@BMVA@shortyear=\count119
\bmv@rulerbox=\box29
\bmv@rulercount=\count120
\bmv@ruleroffset=\dimen128
\bmv@rulerlineheight=\dimen129
\bmv@rulerboxheight=\dimen130
\bmv@rulertmpbox=\box30
\bmv@rulerrefno=\count121
\bmv@rulertot=\count122
\bmv@rulertmpc@=\count123
\bmv@rulertmpc=\count124

(C:\Users\Hemal\Dropbox\Papers\BMVC_Prep\Paper\bmvc2k_natbib.sty
Package: bmvc2k_natbib 2007/10/30 8.1 (PWD)
\bibhang=\skip53
\bibsep=\skip54
LaTeX Info: Redefining \cite on input line 602.
\c@NAT@ctr=\count125
)
\bmv@citebox=\box31

Finished loading BMVC2K)
\bmv@box authname1 =\box32
LaTeX Font Info:    Try loading font information for T1+phv on input line 10.

("L:\Softwares\Installed_Softwares\MiKTeX 2.9\tex\latex\psnfss\t1phv.fd"
File: t1phv.fd 2001/06/04 scalable font definitions for T1/phv.
)
\bmv@box authnameFN1 =\box33
LaTeX Font Info:    Try loading font information for OT1+ztmcm on input line 10
.

("L:\Softwares\Installed_Softwares\MiKTeX 2.9\tex\latex\psnfss\ot1ztmcm.fd"
File: ot1ztmcm.fd 2000/01/03 Fontinst v1.801 font definitions for OT1/ztmcm.
)
LaTeX Font Info:    Try loading font information for OML+ztmcm on input line 10
.

("L:\Softwares\Installed_Softwares\MiKTeX 2.9\tex\latex\psnfss\omlztmcm.fd"
File: omlztmcm.fd 2000/01/03 Fontinst v1.801 font definitions for OML/ztmcm.
)
LaTeX Font Info:    Try loading font information for OMS+ztmcm on input line 10
.

("L:\Softwares\Installed_Softwares\MiKTeX 2.9\tex\latex\psnfss\omsztmcm.fd"
File: omsztmcm.fd 2000/01/03 Fontinst v1.801 font definitions for OMS/ztmcm.
)
LaTeX Font Info:    Try loading font information for OMX+ztmcm on input line 10
.

("L:\Softwares\Installed_Softwares\MiKTeX 2.9\tex\latex\psnfss\omxztmcm.fd"
File: omxztmcm.fd 2000/01/03 Fontinst v1.801 font definitions for OMX/ztmcm.
)
LaTeX Font Info:    Try loading font information for OT1+ptm on input line 10.

("L:\Softwares\Installed_Softwares\MiKTeX 2.9\tex\latex\psnfss\ot1ptm.fd"
File: ot1ptm.fd 2001/06/04 font definitions for OT1/ptm.
)
LaTeX Font Info:    Font shape `OT1/ptm/bx/n' in size <10> not available
(Font)              Font shape `OT1/ptm/b/n' tried instead on input line 10.
LaTeX Font Info:    Font shape `OT1/ptm/bx/n' in size <7.4> not available
(Font)              Font shape `OT1/ptm/b/n' tried instead on input line 10.
LaTeX Font Info:    Font shape `OT1/ptm/bx/n' in size <6> not available
(Font)              Font shape `OT1/ptm/b/n' tried instead on input line 10.
\bmv@box authmail1 =\box34
LaTeX Font Info:    Font shape `OT1/ptm/bx/n' in size <9> not available
(Font)              Font shape `OT1/ptm/b/n' tried instead on input line 10.
LaTeX Font Info:    Font shape `OT1/ptm/bx/n' in size <7> not available
(Font)              Font shape `OT1/ptm/b/n' tried instead on input line 10.
LaTeX Font Info:    Font shape `OT1/ptm/bx/n' in size <5> not available
(Font)              Font shape `OT1/ptm/b/n' tried instead on input line 10.
\bmv@cnt authinst1 =\count126
\bmv@box authname2 =\box35
\bmv@box authnameFN2 =\box36
\bmv@box authmail2 =\box37
\bmv@cnt authinst2 =\count127
\bmv@box authname3 =\box38
\bmv@box authnameFN3 =\box39
\bmv@box authmail3 =\box40
\bmv@cnt authinst3 =\count128
\bmv@box inst1 =\box41
\bmv@box instFN1 =\box42
\bmv@box inst2 =\box43
\bmv@box instFN2 =\box44

("L:\Softwares\Installed_Softwares\MiKTeX 2.9\tex\latex\algorithm2e\algorithm2e
.sty"
Package: algorithm2e 2013/01/06 v5.00 algorithms environments
\c@AlgoLine=\count129
 ("L:\Softwares\Installed_Softwares\MiKTeX 2.9\tex\latex\base\ifthen.sty"
Package: ifthen 2001/05/26 v1.1c Standard LaTeX ifthen package (DPC)
) ("L:\Softwares\Installed_Softwares\MiKTeX 2.9\tex\latex\ltxmisc\relsize.sty"
Package: relsize 2003/07/04 ver 3.1
)
********************************************************
Package `algorithm2e' Release 5.0 -- january 06 2013 --
- algorithm2e-announce@lirmm.fr mailing list for announcement about releases
- algorithm2e-discussion@lirmm.fr mailing list for discussion about package
subscribe by emailing sympa@lirmm.fr with 'subscribe <list> <firstname name>'
- Author: Christophe Fiorio (cfiorio@um2.fr)
********************************************************
\skiptotal=\skip55
\skiplinenumber=\skip56
\skiprule=\skip57
\skiphlne=\skip58
\skiptext=\skip59
\skiplength=\skip60
\algomargin=\skip61
\skipalgocfslide=\skip62
\algowidth=\dimen131
\inoutsize=\dimen132
\inoutindent=\dimen133
\interspacetitleruled=\dimen134
\interspacealgoruled=\dimen135
\interspacetitleboxruled=\dimen136
\algocf@inoutbox=\box45
\algocf@inputbox=\box46
\AlCapSkip=\skip63
\AlCapHSkip=\skip64
\algoskipindent=\skip65
\algocf@nlbox=\box47
\algocf@hangingbox=\box48
\algocf@untilbox=\box49
\algocf@skipuntil=\skip66
\algocf@capbox=\box50
\algoheightruledefault=\skip67
\algoheightrule=\skip68
\algotitleheightruledefault=\skip69
\algotitleheightrule=\skip70
\c@algocfline=\count130
\c@algocfproc=\count131
\c@algocf=\count132
\algocf@algoframe=\box51
\algocf@algobox=\box52
) ("L:\Softwares\Installed_Softwares\MiKTeX 2.9\tex\latex\amsfonts\amssymb.sty"
Package: amssymb 2013/01/14 v3.01 AMS font symbols
("L:\Softwares\Installed_Softwares\MiKTeX 2.9\tex\latex\amsfonts\amsfonts.sty"
Package: amsfonts 2013/01/14 v3.01 Basic AMSFonts support
\symAMSa=\mathgroup6
\symAMSb=\mathgroup7
LaTeX Font Info:    Overwriting math alphabet `\mathfrak' in version `bold'
(Font)                  U/euf/m/n --> U/euf/b/n on input line 106.
)) ("L:\Softwares\Installed_Softwares\MiKTeX 2.9\tex\latex\ulem\ulem.sty"
\UL@box=\box53
\UL@hyphenbox=\box54
\UL@skip=\skip71
\UL@hook=\toks22
\UL@height=\dimen137
\UL@pe=\count133
\UL@pixel=\dimen138
\ULC@box=\box55
Package: ulem 2012/05/18
\ULdepth=\dimen139
)
(C:\Users\Hemal\Dropbox\Papers\BMVC_Prep\Paper\bmvc_review.aux)
LaTeX Font Info:    Checking defaults for OML/cmm/m/it on input line 70.
LaTeX Font Info:    ... okay on input line 70.
LaTeX Font Info:    Checking defaults for T1/cmr/m/n on input line 70.
LaTeX Font Info:    ... okay on input line 70.
LaTeX Font Info:    Checking defaults for OT1/cmr/m/n on input line 70.
LaTeX Font Info:    ... okay on input line 70.
LaTeX Font Info:    Checking defaults for OMS/cmsy/m/n on input line 70.
LaTeX Font Info:    ... okay on input line 70.
LaTeX Font Info:    Checking defaults for OMX/cmex/m/n on input line 70.
LaTeX Font Info:    ... okay on input line 70.
LaTeX Font Info:    Checking defaults for U/cmr/m/n on input line 70.
LaTeX Font Info:    ... okay on input line 70.
LaTeX Font Info:    Checking defaults for PD1/pdf/m/n on input line 70.
LaTeX Font Info:    ... okay on input line 70.
LaTeX Font Info:    Try loading font information for T1+ptm on input line 70.

("L:\Softwares\Installed_Softwares\MiKTeX 2.9\tex\latex\psnfss\t1ptm.fd"
File: t1ptm.fd 2001/06/04 font definitions for T1/ptm.
)
("L:\Softwares\Installed_Softwares\MiKTeX 2.9\tex\context\base\supp-pdf.mkii"
[Loading MPS to PDF converter (version 2006.09.02).]
\scratchcounter=\count134
\scratchdimen=\dimen140
\scratchbox=\box56
\nofMPsegments=\count135
\nofMParguments=\count136
\everyMPshowfont=\toks23
\MPscratchCnt=\count137
\MPscratchDim=\dimen141
\MPnumerator=\count138
\makeMPintoPDFobject=\count139
\everyMPtoPDFconversion=\toks24
)
\AtBeginShipoutBox=\box57
Package hyperref Info: Link coloring ON on input line 70.
 ("L:\Softwares\Installed_Softwares\MiKTeX 2.9\tex\latex\hyperref\nameref.sty"
Package: nameref 2012/10/27 v2.43 Cross-referencing by name of section

("L:\Softwares\Installed_Softwares\MiKTeX 2.9\tex\generic\oberdiek\gettitlestri
ng.sty"
Package: gettitlestring 2010/12/03 v1.4 Cleanup title references (HO)
)
\c@section@level=\count140
)
LaTeX Info: Redefining \ref on input line 70.
LaTeX Info: Redefining \pageref on input line 70.
LaTeX Info: Redefining \nameref on input line 70.

*geometry* driver: auto-detecting
*geometry* detected driver: pdftex
*geometry* verbose mode - [ preamble ] result:
* driver: pdftex
* paper: custom
* layout: <same size as paper>
* layoutoffset:(h,v)=(0.0pt,0.0pt)
* modes: includehead twoside heightrounded 
* h-part:(L,W,R)=(25.60747pt, 367.32089pt, 17.07164pt)
* v-part:(T,H,B)=(8.53581pt, 597.23782pt, 14.22636pt)
* \paperwidth=410.0pt
* \paperheight=620.0pt
* \textwidth=367.32089pt
* \textheight=574.0pt
* \oddsidemargin=-46.66252pt
* \evensidemargin=-55.19835pt
* \topmargin=-63.73418pt
* \headheight=12.0pt
* \headsep=8.53581pt
* \topskip=10.0pt
* \footskip=30.0pt
* \marginparwidth=121.0pt
* \marginparsep=11.0pt
* \columnsep=10.0pt
* \skip\footins=9.0pt plus 4.0pt minus 2.0pt
* \hoffset=0.0pt
* \voffset=0.0pt
* \mag=1000
* \@twocolumnfalse
* \@twosidetrue
* \@mparswitchtrue
* \@reversemarginfalse
* (1in=72.27pt=25.4mm, 1cm=28.453pt)

LaTeX Font Info:    Font shape `T1/ptm/bx/n' in size <17.28> not available
(Font)              Font shape `T1/ptm/b/n' tried instead on input line 72.
LaTeX Font Info:    Font shape `T1/phv/bx/n' in size <17.28> not available
(Font)              Font shape `T1/phv/b/n' tried instead on input line 72.
LaTeX Font Info:    Font shape `OT1/ptm/bx/n' in size <8> not available
(Font)              Font shape `OT1/ptm/b/n' tried instead on input line 72.

Package hyperref Warning: Ignoring empty anchor on input line 72.

LaTeX Font Info:    Try loading font information for OMS+ptm on input line 72.
("L:\Softwares\Installed_Softwares\MiKTeX 2.9\tex\latex\psnfss\omsptm.fd"
File: omsptm.fd 
)
LaTeX Font Info:    Font shape `OMS/ptm/m/n' in size <8> not available
(Font)              Font shape `OMS/cmsy/m/n' tried instead on input line 72.
LaTeX Font Info:    Font shape `T1/ptm/bx/n' in size <9> not available
(Font)              Font shape `T1/ptm/b/n' tried instead on input line 74.
LaTeX Font Info:    Font shape `T1/ptm/bx/n' in size <14.4> not available
(Font)              Font shape `T1/ptm/b/n' tried instead on input line 95.

BMVC cite {Hartley and Zisserman} 2003{C:/ProgramData/MiKTeX/2.9/pdftex/config/
pdftex.map}
BMVC cite {Forsyth, Mundy, Zisserman, Coelho, Heller, and Rothwell} 1991
BMVC cite {Gros and Quan} 1992 BMVC cite {Luhmann, Robson, and Harley} 2006
BMVC cite {Lepetit and Fua} 2005 [1

]

pdfTeX warning: pdflatex.exe (file C:/Users/Hemal/Dropbox/Papers/BMVC_Prep/Pape
r/images/Problem.pdf): PDF inclusion: found PDF version <1.7>, but at most vers
ion <1.5> allowed
<images/Problem.pdf, id=34, 537.6888pt x 251.4996pt>
File: images/Problem.pdf Graphic file (type pdf)
 <use images/Problem.pdf>
Package pdftex.def Info: images/Problem.pdf used on input line 123.
(pdftex.def)             Requested size: 146.9261pt x 68.72319pt.


pdfTeX warning: pdflatex.exe (file C:/Users/Hemal/Dropbox/Papers/BMVC_Prep/Pape
r/images/Objects.pdf): PDF inclusion: found PDF version <1.7>, but at most vers
ion <1.5> allowed
<images/Objects.pdf, id=35, 2498.26341pt x 961.57143pt>
File: images/Objects.pdf Graphic file (type pdf)

<use images/Objects.pdf>
Package pdftex.def Info: images/Objects.pdf used on input line 124.
(pdftex.def)             Requested size: 183.66045pt x 70.67685pt.

BMVC cite {Forsyth, Mundy, Zisserman, Coelho, Heller, and Rothwell} 1991
BMVC cite {Forsyth, Mundy, Zisserman, Coelho, Heller, and Rothwell} 1991
BMVC cite {Safaee-Rad, Tchoukanov, Smith, and Benhabib} 1992
BMVC cite {Forsyth, Mundy, Zisserman, Coelho, Heller, and Rothwell} 1991
BMVC cite {Luhmann, Robson, and Harley} 2006 [2 <C:/Users/Hemal/Dropbox/Papers/
BMVC_Prep/Paper/images/Problem.pdf> <C:/Users/Hemal/Dropbox/Papers/BMVC_Prep/Pa
per/images/Objects.pdf>]
BMVC cite {Dhome, Laprest{é}, Rives, and Richetin} 1990
BMVC cite {Safaee-Rad, Tchoukanov, Smith, and Benhabib} 1992
BMVC cite {Werghi, Doignon, and Abba} 1996 BMVC cite {Quan} 1995
BMVC cite {Fitzgibbon, Pilu, and Fisher} 1999 BMVC cite {Quan} 1996
BMVC cite {Forsyth, Mundy, Zisserman, Coelho, Heller, and Rothwell} 1991
BMVC cite {Ferri, Mangili, and Viano} 1993 BMVC cite {Ying and Zha} 2007
BMVC cite {Uchiyama and Saito} 2011{} BMVC cite {Uchiyama and Marchand} 2011
BMVC cite {Lo{\T1\textbackslash }' pez\protect \unhbox \voidb@x \penalty \@M \ 
{}de Ipin\protect \unhbox \voidb@x \penalty \@M \ {}a, Mendon{\T1\textbackslash
 }cca, Hopper, and Hopper} 2002 BMVC cite {Naimark and Foxlin} 2002
BMVC cite {Pagani, Köhler, and Stricker} 2011
BMVC cite {Lo{\T1\textbackslash }' pez\protect \unhbox \voidb@x \penalty \@M \ 
{}de Ipin\protect \unhbox \voidb@x \penalty \@M \ {}a, Mendon{\T1\textbackslash
 }cca, Hopper, and Hopper} 2002 BMVC cite {Pagani, Köhler, and Stricker} 2011
BMVC cite {Luhmann, Robson, and Harley} 2006
LaTeX Font Info:    Font shape `T1/ptm/bx/n' in size <10> not available
(Font)              Font shape `T1/ptm/b/n' tried instead on input line 166.
LaTeX Font Info:    Font shape `OMS/ptm/m/n' in size <10> not available
(Font)              Font shape `OMS/cmsy/m/n' tried instead on input line 177.

BMVC cite {Forsyth, Mundy, Zisserman, Coelho, Heller, and Rothwell} 1991
BMVC cite {Gros and Quan} 1992 BMVC cite {Hartley and Zisserman} 2003
BMVC cite {Quan} 1996 BMVC cite {Ferri, Mangili, and Viano} 1993
BMVC cite {Forsyth, Mundy, Zisserman, Coelho, Heller, and Rothwell} 1991
[3] BMVC cite {Kato and Billinghurst} 1999
BMVC cite {Matsunaga, Kanazawa, and Kanatani} 2000
BMVC cite {Nakai, Kise, and Iwamura} 2005
BMVC cite {Nakai, Kise, and Iwamura} 2006
BMVC cite {Uchiyama and Saito} 2011{} BMVC cite {Lowe} 1999
BMVC cite {Calonder, Lepetit, Strecha, and Fua} 2010
BMVC cite {Ke and Sukthankar} 2004
BMVC cite {Kurz, Olszamowski, and Benhimane} 2012
BMVC cite {Lepetit and Fua} 2006
LaTeX Font Info:    Font shape `T1/ptm/bx/n' in size <12> not available
(Font)              Font shape `T1/ptm/b/n' tried instead on input line 252.
 BMVC cite {Luhmann, Robson, and Harley} 2006
[4] BMVC cite {Forsyth, Mundy, Zisserman, Coelho, Heller, and Rothwell} 1991
BMVC cite {Forsyth, Mundy, Zisserman, Coelho, Heller, and Rothwell} 1991
[5] BMVC cite {Forsyth, Mundy, Zisserman, Coelho, Heller, and Rothwell} 1991
BMVC cite {Naimark and Foxlin} 2002 BMVC cite {Farin and Hansford} 1998
BMVC cite {Lo{\T1\textbackslash }' pez\protect \unhbox \voidb@x \penalty \@M \ 
{}de Ipin\protect \unhbox \voidb@x \penalty \@M \ {}a, Mendon{\T1\textbackslash
 }cca, Hopper, and Hopper} 2002 BMVC cite {Rusu} 2009 [6]

pdfTeX warning: pdflatex.exe (file C:/Users/Hemal/Dropbox/Papers/BMVC_Prep/Pape
r/images/matchingProblem.pdf): PDF inclusion: found PDF version <1.7>, but at m
ost version <1.5> allowed
<images/matchingProblem.pdf, id=235, 337.7418pt x 190.7928pt>
File: images/matchingProblem.pdf Graphic file (type pdf)

<use images/matchingProblem.pdf>
Package pdftex.def Info: images/matchingProblem.pdf used on input line 442.
(pdftex.def)             Requested size: 172.64127pt x 97.52719pt.


pdfTeX warning: pdflatex.exe (file C:/Users/Hemal/Dropbox/Papers/BMVC_Prep/Pape
r/images/matchingProcess.pdf): PDF inclusion: found PDF version <1.7>, but at m
ost version <1.5> allowed
<images/matchingProcess.pdf, id=236, 688.0104pt x 489.50879pt>
File: images/matchingProcess.pdf Graphic file (type pdf)

<use images/matchingProcess.pdf>
Package pdftex.def Info: images/matchingProcess.pdf used on input line 444.
(pdftex.def)             Requested size: 165.29327pt x 117.604pt.
LaTeX Font Info:    Try loading font information for T1+pcr on input line 485.

("L:\Softwares\Installed_Softwares\MiKTeX 2.9\tex\latex\psnfss\t1pcr.fd"
File: t1pcr.fd 2001/06/04 font definitions for T1/pcr.
)

LaTeX Warning: `h' float specifier changed to `ht'.

[7 <C:/Users/Hemal/Dropbox/Papers/BMVC_Prep/Paper/images/matchingProblem.pdf> <
C:/Users/Hemal/Dropbox/Papers/BMVC_Prep/Paper/images/matchingProcess.pdf>]
BMVC cite {Lepetit and Fua} 2005 [8]
BMVC cite {Werghi, Doignon, and Abba} 1996

pdfTeX warning: pdflatex.exe (file C:/Users/Hemal/Dropbox/Papers/BMVC_Prep/Pape
r/images/centerEstimationErrorR6_N3.pdf): PDF inclusion: found PDF version <1.7
>, but at most version <1.5> allowed
<images/centerEstimationErrorR6_N3.pdf, id=274, 422.32782pt x 311.66437pt>
File: images/centerEstimationErrorR6_N3.pdf Graphic file (type pdf)

<use images/centerEstimationErrorR6_N3.pdf>
Package pdftex.def Info: images/centerEstimationErrorR6_N3.pdf used on input li
ne 546.
(pdftex.def)             Requested size: 128.56454pt x 94.87915pt.


pdfTeX warning: pdflatex.exe (file C:/Users/Hemal/Dropbox/Papers/BMVC_Prep/Pape
r/images/NormalRecoveryError_R6_3.pdf): PDF inclusion: found PDF version <1.7>,
 but at most version <1.5> allowed
<images/NormalRecoveryError_R6_3.pdf, id=275, 422.32782pt x 311.66437pt>
File: images/NormalRecoveryError_R6_3.pdf Graphic file (type pdf)

<use images/NormalRecoveryError_R6_3.pdf>
Package pdftex.def Info: images/NormalRecoveryError_R6_3.pdf used on input line
 547.
(pdftex.def)             Requested size: 128.56454pt x 94.87915pt.

Underfull \vbox (badness 4181) has occurred while \output is active []

 [9 <C:/Users/Hemal/Dropbox/Papers/BMVC_Prep/Paper/images/centerEstimationError
R6_N3.pdf> <C:/Users/Hemal/Dropbox/Papers/BMVC_Prep/Paper/images/NormalRecovery
Error_R6_3.pdf>] [10] [11] (C:\Users\Hemal\Dropbox\Papers\BMVC_Prep\Paper\bmvc_
review.bbl
[12] [13] [14])
Package atveryend Info: Empty hook `BeforeClearDocument' on input line 678.
 [15]
Package atveryend Info: Empty hook `AfterLastShipout' on input line 678.

(C:\Users\Hemal\Dropbox\Papers\BMVC_Prep\Paper\bmvc_review.aux)
Package atveryend Info: Executing hook `AtVeryEndDocument' on input line 678.
Package atveryend Info: Empty hook `AtEndAfterFileList' on input line 678.
Package atveryend Info: Empty hook `AtVeryVeryEnd' on input line 678.
 ) 
Here is how much of TeX's memory you used:
 9097 strings out of 493921
 130359 string characters out of 3140866
 256322 words of memory out of 3000000
 12134 multiletter control sequences out of 15000+200000
 89058 words of font info for 131 fonts, out of 3000000 for 9000
 841 hyphenation exceptions out of 8191
 36i,20n,32p,556b,591s stack positions out of 5000i,500n,10000p,200000b,50000s
{L:/Softwares/Installed_Softwares/MiKTeX 2.9/fonts/enc/dvips/fontname/8r.enc}
<L:/Softwares/Installed_Softwares/MiKTeX 2.9/fonts/type1/public/amsfonts/cm/cme
x10.pfb><L:/Softwares/Installed_Softwares/MiKTeX 2.9/fonts/type1/public/amsfont
s/cm/cmmi10.pfb><L:/Softwares/Installed_Softwares/MiKTeX 2.9/fonts/type1/public
/amsfonts/cm/cmr10.pfb><L:/Softwares/Installed_Softwares/MiKTeX 2.9/fonts/type1
/public/amsfonts/cm/cmsy10.pfb><L:/Softwares/Installed_Softwares/MiKTeX 2.9/fon
ts/type1/public/amsfonts/cm/cmsy8.pfb><L:/Softwares/Installed_Softwares/MiKTeX 
2.9/fonts/type1/public/amsfonts/symbols/msam10.pfb><L:/Softwares/Installed_Soft
wares/MiKTeX 2.9/fonts/type1/public/amsfonts/symbols/msbm10.pfb><L:/Softwares/I
nstalled_Softwares/MiKTeX 2.9/fonts/type1/urw/courier/ucrr8a.pfb><L:/Softwares/
Installed_Softwares/MiKTeX 2.9/fonts/type1/urw/helvetic/uhvb8a.pfb><L:/Software
s/Installed_Softwares/MiKTeX 2.9/fonts/type1/urw/helvetic/uhvr8a.pfb><L:/Softwa
res/Installed_Softwares/MiKTeX 2.9/fonts/type1/urw/symbol/usyr.pfb><L:/Software
s/Installed_Softwares/MiKTeX 2.9/fonts/type1/urw/times/utmb8a.pfb><L:/Softwares
/Installed_Softwares/MiKTeX 2.9/fonts/type1/urw/times/utmr8a.pfb><L:/Softwares/
Installed_Softwares/MiKTeX 2.9/fonts/type1/urw/times/utmr8a.pfb><L:/Softwares/I
nstalled_Softwares/MiKTeX 2.9/fonts/type1/urw/times/utmri8a.pfb>
Output written on bmvc_review.pdf (15 pages, 2707550 bytes).
PDF statistics:
 440 PDF objects out of 1000 (max. 8388607)
 89 named destinations out of 1000 (max. 500000)
 349 words of extra memory for PDF output out of 10000 (max. 10000000)

